<?xml version="1.0" encoding="UTF-8"?>
<robot generator="Robot 7.1.1 (Python 3.10.12 on linux)" generated="2024-11-17T01:07:54.988172" rpa="false" schemaversion="5">
<suite id="s1" name="Tests" source="/home/vjlampis/webcounter/src/tests">
<suite id="s1-s1" name="Increment" source="/home/vjlampis/webcounter/src/tests/increment.robot">
<kw name="Open And Configure Browser" owner="resource" type="SETUP">
<if>
<branch type="IF" condition="$BROWSER == 'chrome'">
<kw name="Evaluate" owner="BuiltIn">
<var>${options}</var>
<arg>sys.modules['selenium.webdriver'].ChromeOptions()</arg>
<arg>sys</arg>
<doc>Evaluates the given expression in Python and returns the result.</doc>
<status status="NOT RUN" start="2024-11-17T01:07:55.136752" elapsed="0.000055"/>
</kw>
<status status="NOT RUN" start="2024-11-17T01:07:55.133487" elapsed="0.003411"/>
</branch>
<branch type="ELSE IF" condition="$BROWSER == 'firefox'">
<kw name="Evaluate" owner="BuiltIn">
<msg time="2024-11-17T01:07:55.137557" level="INFO">${options} = &lt;selenium.webdriver.firefox.options.Options object at 0x759c6efc2920&gt;</msg>
<var>${options}</var>
<arg>sys.modules['selenium.webdriver'].FirefoxOptions()</arg>
<arg>sys</arg>
<doc>Evaluates the given expression in Python and returns the result.</doc>
<status status="PASS" start="2024-11-17T01:07:55.137184" elapsed="0.000417"/>
</kw>
<status status="PASS" start="2024-11-17T01:07:55.136948" elapsed="0.000720"/>
</branch>
<status status="PASS" start="2024-11-17T01:07:55.133454" elapsed="0.004257"/>
</if>
<if>
<branch type="IF" condition="$HEADLESS == 'true'">
<kw name="Set Selenium Speed" owner="SeleniumLibrary">
<arg>0</arg>
<doc>Sets the delay that is waited after each Selenium command.</doc>
<status status="NOT RUN" start="2024-11-17T01:07:55.138000" elapsed="0.000034"/>
</kw>
<kw name="Call Method" owner="BuiltIn">
<arg>${options}</arg>
<arg>add_argument</arg>
<arg>--headless</arg>
<doc>Calls the named method of the given object with the provided arguments.</doc>
<status status="NOT RUN" start="2024-11-17T01:07:55.138149" elapsed="0.000028"/>
</kw>
<status status="NOT RUN" start="2024-11-17T01:07:55.137780" elapsed="0.000449"/>
</branch>
<branch type="ELSE">
<kw name="Set Selenium Speed" owner="SeleniumLibrary">
<arg>${DELAY}</arg>
<doc>Sets the delay that is waited after each Selenium command.</doc>
<status status="PASS" start="2024-11-17T01:07:55.138367" elapsed="0.000300"/>
</kw>
<status status="PASS" start="2024-11-17T01:07:55.138266" elapsed="0.000465"/>
</branch>
<status status="PASS" start="2024-11-17T01:07:55.137762" elapsed="0.001006"/>
</if>
<kw name="Open Browser" owner="SeleniumLibrary">
<msg time="2024-11-17T01:07:55.139224" level="INFO">Opening browser 'firefox' to base url 'None'.</msg>
<arg>browser=${BROWSER}</arg>
<arg>options=${options}</arg>
<doc>Opens a new browser instance to the optional ``url``.</doc>
<status status="PASS" start="2024-11-17T01:07:55.138896" elapsed="3.023011"/>
</kw>
<status status="PASS" start="2024-11-17T01:07:55.133184" elapsed="3.028922"/>
</kw>
<test id="s1-s1-t1" name="At start the counter is zero" line="7">
<kw name="Go To" owner="SeleniumLibrary">
<msg time="2024-11-17T01:07:58.163086" level="INFO">Opening url 'http://localhost:5001'</msg>
<arg>${HOME_URL}</arg>
<doc>Navigates the current browser window to the provided ``url``.</doc>
<status status="PASS" start="2024-11-17T01:07:58.162823" elapsed="0.571095"/>
</kw>
<kw name="Title Should Be" owner="SeleniumLibrary">
<msg time="2024-11-17T01:07:59.241251" level="INFO">Page title is 'Laskuri'.</msg>
<arg>Laskuri</arg>
<doc>Verifies that the current page title equals ``title``.</doc>
<status status="PASS" start="2024-11-17T01:07:58.735143" elapsed="0.506417"/>
</kw>
<kw name="Page Should Contain" owner="SeleniumLibrary">
<msg time="2024-11-17T01:08:00.276961" level="INFO">Current page contains text 'nappia painettu 0 kertaa'.</msg>
<arg>nappia painettu 0 kertaa</arg>
<doc>Verifies that current page contains ``text``.</doc>
<status status="PASS" start="2024-11-17T01:07:59.242123" elapsed="1.035423"/>
</kw>
<status status="PASS" start="2024-11-17T01:07:58.162255" elapsed="2.116347"/>
</test>
<test id="s1-s1-t2" name="When button pressed twice the counter is two" line="12">
<kw name="Go To" owner="SeleniumLibrary">
<msg time="2024-11-17T01:08:00.282172" level="INFO">Opening url 'http://localhost:5001'</msg>
<arg>${HOME_URL}</arg>
<doc>Navigates the current browser window to the provided ``url``.</doc>
<status status="PASS" start="2024-11-17T01:08:00.281479" elapsed="0.546937"/>
</kw>
<kw name="Click Button" owner="SeleniumLibrary">
<msg time="2024-11-17T01:08:00.830603" level="INFO">Clicking button 'Paina'.</msg>
<arg>Paina</arg>
<doc>Clicks the button identified by ``locator``.</doc>
<status status="PASS" start="2024-11-17T01:08:00.829481" elapsed="1.615295"/>
</kw>
<kw name="Click Button" owner="SeleniumLibrary">
<msg time="2024-11-17T01:08:02.446621" level="INFO">Clicking button 'Paina'.</msg>
<arg>Paina</arg>
<doc>Clicks the button identified by ``locator``.</doc>
<status status="PASS" start="2024-11-17T01:08:02.445852" elapsed="1.584498"/>
</kw>
<kw name="Page Should Contain" owner="SeleniumLibrary">
<msg time="2024-11-17T01:08:05.048208" level="INFO">Current page contains text 'nappia painettu 2 kertaa'.</msg>
<arg>nappia painettu 2 kertaa</arg>
<doc>Verifies that current page contains ``text``.</doc>
<status status="PASS" start="2024-11-17T01:08:04.031426" elapsed="1.016993"/>
</kw>
<status status="PASS" start="2024-11-17T01:08:00.279808" elapsed="4.768959"/>
</test>
<kw name="Close Browser" owner="SeleniumLibrary" type="TEARDOWN">
<doc>Closes the current browser.</doc>
<status status="PASS" start="2024-11-17T01:08:05.049513" elapsed="1.266212"/>
</kw>
<status status="PASS" start="2024-11-17T01:07:55.008988" elapsed="11.306973"/>
</suite>
<suite id="s1-s2" name="Reset" source="/home/vjlampis/webcounter/src/tests/reset.robot">
<kw name="Open And Configure Browser" owner="resource" type="SETUP">
<if>
<branch type="IF" condition="$BROWSER == 'chrome'">
<kw name="Evaluate" owner="BuiltIn">
<var>${options}</var>
<arg>sys.modules['selenium.webdriver'].ChromeOptions()</arg>
<arg>sys</arg>
<doc>Evaluates the given expression in Python and returns the result.</doc>
<status status="NOT RUN" start="2024-11-17T01:08:06.322004" elapsed="0.000056"/>
</kw>
<status status="NOT RUN" start="2024-11-17T01:08:06.321589" elapsed="0.000571"/>
</branch>
<branch type="ELSE IF" condition="$BROWSER == 'firefox'">
<kw name="Evaluate" owner="BuiltIn">
<msg time="2024-11-17T01:08:06.322972" level="INFO">${options} = &lt;selenium.webdriver.firefox.options.Options object at 0x759c6ee71360&gt;</msg>
<var>${options}</var>
<arg>sys.modules['selenium.webdriver'].FirefoxOptions()</arg>
<arg>sys</arg>
<doc>Evaluates the given expression in Python and returns the result.</doc>
<status status="PASS" start="2024-11-17T01:08:06.322529" elapsed="0.000503"/>
</kw>
<status status="PASS" start="2024-11-17T01:08:06.322225" elapsed="0.000907"/>
</branch>
<status status="PASS" start="2024-11-17T01:08:06.321554" elapsed="0.001636"/>
</if>
<if>
<branch type="IF" condition="$HEADLESS == 'true'">
<kw name="Set Selenium Speed" owner="SeleniumLibrary">
<arg>0</arg>
<doc>Sets the delay that is waited after each Selenium command.</doc>
<status status="NOT RUN" start="2024-11-17T01:08:06.323578" elapsed="0.000046"/>
</kw>
<kw name="Call Method" owner="BuiltIn">
<arg>${options}</arg>
<arg>add_argument</arg>
<arg>--headless</arg>
<doc>Calls the named method of the given object with the provided arguments.</doc>
<status status="NOT RUN" start="2024-11-17T01:08:06.323787" elapsed="0.000041"/>
</kw>
<status status="NOT RUN" start="2024-11-17T01:08:06.323278" elapsed="0.000627"/>
</branch>
<branch type="ELSE">
<kw name="Set Selenium Speed" owner="SeleniumLibrary">
<arg>${DELAY}</arg>
<doc>Sets the delay that is waited after each Selenium command.</doc>
<status status="PASS" start="2024-11-17T01:08:06.324138" elapsed="0.000401"/>
</kw>
<status status="PASS" start="2024-11-17T01:08:06.323966" elapsed="0.000658"/>
</branch>
<status status="PASS" start="2024-11-17T01:08:06.323254" elapsed="0.001421"/>
</if>
<kw name="Open Browser" owner="SeleniumLibrary">
<msg time="2024-11-17T01:08:06.325614" level="INFO">Opening browser 'firefox' to base url 'None'.</msg>
<arg>browser=${BROWSER}</arg>
<arg>options=${options}</arg>
<doc>Opens a new browser instance to the optional ``url``.</doc>
<status status="PASS" start="2024-11-17T01:08:06.325064" elapsed="2.987429"/>
</kw>
<status status="PASS" start="2024-11-17T01:08:06.321278" elapsed="2.991416"/>
</kw>
<test id="s1-s2-t1" name="When counter has a nonzero value and it is reset the value becomes zero" line="7">
<kw name="Go To" owner="SeleniumLibrary">
<msg time="2024-11-17T01:08:09.313765" level="INFO">Opening url 'http://localhost:5001'</msg>
<arg>${HOME_URL}</arg>
<doc>Navigates the current browser window to the provided ``url``.</doc>
<status status="PASS" start="2024-11-17T01:08:09.313467" elapsed="0.579165"/>
</kw>
<kw name="Click Button" owner="SeleniumLibrary">
<msg time="2024-11-17T01:08:09.894495" level="INFO">Clicking button 'Nollaa'.</msg>
<arg>Nollaa</arg>
<doc>Clicks the button identified by ``locator``.</doc>
<status status="PASS" start="2024-11-17T01:08:09.893705" elapsed="1.635885"/>
</kw>
<kw name="Page Should Contain" owner="SeleniumLibrary">
<msg time="2024-11-17T01:08:12.548444" level="INFO">Current page contains text 'nappia painettu 0 kertaa'.</msg>
<arg>nappia painettu 0 kertaa</arg>
<doc>Verifies that current page contains ``text``.</doc>
<status status="PASS" start="2024-11-17T01:08:11.530656" elapsed="1.018369"/>
</kw>
<status status="PASS" start="2024-11-17T01:08:09.312839" elapsed="3.237259"/>
</test>
<kw name="Close Browser" owner="SeleniumLibrary" type="TEARDOWN">
<doc>Closes the current browser.</doc>
<status status="PASS" start="2024-11-17T01:08:12.551616" elapsed="1.772944"/>
</kw>
<status status="PASS" start="2024-11-17T01:08:06.317200" elapsed="8.007649"/>
</suite>
<suite id="s1-s3" name="Set" source="/home/vjlampis/webcounter/src/tests/set.robot">
<kw name="Open And Configure Browser" owner="resource" type="SETUP">
<if>
<branch type="IF" condition="$BROWSER == 'chrome'">
<kw name="Evaluate" owner="BuiltIn">
<var>${options}</var>
<arg>sys.modules['selenium.webdriver'].ChromeOptions()</arg>
<arg>sys</arg>
<doc>Evaluates the given expression in Python and returns the result.</doc>
<status status="NOT RUN" start="2024-11-17T01:08:14.331569" elapsed="0.000057"/>
</kw>
<status status="NOT RUN" start="2024-11-17T01:08:14.331143" elapsed="0.000592"/>
</branch>
<branch type="ELSE IF" condition="$BROWSER == 'firefox'">
<kw name="Evaluate" owner="BuiltIn">
<msg time="2024-11-17T01:08:14.332658" level="INFO">${options} = &lt;selenium.webdriver.firefox.options.Options object at 0x759c6ee720b0&gt;</msg>
<var>${options}</var>
<arg>sys.modules['selenium.webdriver'].FirefoxOptions()</arg>
<arg>sys</arg>
<doc>Evaluates the given expression in Python and returns the result.</doc>
<status status="PASS" start="2024-11-17T01:08:14.332165" elapsed="0.000554"/>
</kw>
<status status="PASS" start="2024-11-17T01:08:14.331803" elapsed="0.001023"/>
</branch>
<status status="PASS" start="2024-11-17T01:08:14.331104" elapsed="0.001788"/>
</if>
<if>
<branch type="IF" condition="$HEADLESS == 'true'">
<kw name="Set Selenium Speed" owner="SeleniumLibrary">
<arg>0</arg>
<doc>Sets the delay that is waited after each Selenium command.</doc>
<status status="NOT RUN" start="2024-11-17T01:08:14.333320" elapsed="0.000051"/>
</kw>
<kw name="Call Method" owner="BuiltIn">
<arg>${options}</arg>
<arg>add_argument</arg>
<arg>--headless</arg>
<doc>Calls the named method of the given object with the provided arguments.</doc>
<status status="NOT RUN" start="2024-11-17T01:08:14.333551" elapsed="0.000044"/>
</kw>
<status status="NOT RUN" start="2024-11-17T01:08:14.332989" elapsed="0.000688"/>
</branch>
<branch type="ELSE">
<kw name="Set Selenium Speed" owner="SeleniumLibrary">
<arg>${DELAY}</arg>
<doc>Sets the delay that is waited after each Selenium command.</doc>
<status status="PASS" start="2024-11-17T01:08:14.333898" elapsed="0.000416"/>
</kw>
<status status="PASS" start="2024-11-17T01:08:14.333737" elapsed="0.000676"/>
</branch>
<status status="PASS" start="2024-11-17T01:08:14.332961" elapsed="0.001510"/>
</if>
<kw name="Open Browser" owner="SeleniumLibrary">
<msg time="2024-11-17T01:08:14.335105" level="INFO">Opening browser 'firefox' to base url 'None'.</msg>
<arg>browser=${BROWSER}</arg>
<arg>options=${options}</arg>
<doc>Opens a new browser instance to the optional ``url``.</doc>
<status status="PASS" start="2024-11-17T01:08:14.334661" elapsed="2.675640"/>
</kw>
<status status="PASS" start="2024-11-17T01:08:14.330785" elapsed="2.679784"/>
</kw>
<test id="s1-s3-t1" name="Counter value can be set manually" line="7">
<kw name="Go To" owner="SeleniumLibrary">
<msg time="2024-11-17T01:08:17.011889" level="INFO">Opening url 'http://localhost:5001'</msg>
<arg>${HOME_URL}</arg>
<doc>Navigates the current browser window to the provided ``url``.</doc>
<status status="PASS" start="2024-11-17T01:08:17.011546" elapsed="0.585664"/>
</kw>
<kw name="Input Text" owner="SeleniumLibrary">
<msg time="2024-11-17T01:08:17.599278" level="INFO">Typing text '10' into text field 'value'.</msg>
<arg>value</arg>
<arg>10</arg>
<doc>Types the given ``text`` into the text field identified by ``locator``.</doc>
<status status="PASS" start="2024-11-17T01:08:17.598417" elapsed="1.617783"/>
</kw>
<kw name="Click Button" owner="SeleniumLibrary">
<msg time="2024-11-17T01:08:19.217902" level="INFO">Clicking button 'Aseta'.</msg>
<arg>Aseta</arg>
<doc>Clicks the button identified by ``locator``.</doc>
<status status="PASS" start="2024-11-17T01:08:19.217209" elapsed="1.579246"/>
</kw>
<kw name="Page Should Contain" owner="SeleniumLibrary">
<msg time="2024-11-17T01:08:21.815670" level="INFO">Current page contains text 'nappia painettu 10 kertaa'.</msg>
<arg>nappia painettu 10 kertaa</arg>
<doc>Verifies that current page contains ``text``.</doc>
<status status="PASS" start="2024-11-17T01:08:20.797838" elapsed="1.018479"/>
</kw>
<status status="PASS" start="2024-11-17T01:08:17.010765" elapsed="4.806637"/>
</test>
<kw name="Close Browser" owner="SeleniumLibrary" type="TEARDOWN">
<doc>Closes the current browser.</doc>
<status status="PASS" start="2024-11-17T01:08:21.818988" elapsed="1.292530"/>
</kw>
<status status="PASS" start="2024-11-17T01:08:14.326291" elapsed="8.785514"/>
</suite>
<status status="PASS" start="2024-11-17T01:07:54.989276" elapsed="28.124239"/>
</suite>
<statistics>
<total>
<stat pass="4" fail="0" skip="0">All Tests</stat>
</total>
<tag>
</tag>
<suite>
<stat pass="4" fail="0" skip="0" id="s1" name="Tests">Tests</stat>
<stat pass="2" fail="0" skip="0" id="s1-s1" name="Increment">Tests.Increment</stat>
<stat pass="1" fail="0" skip="0" id="s1-s2" name="Reset">Tests.Reset</stat>
<stat pass="1" fail="0" skip="0" id="s1-s3" name="Set">Tests.Set</stat>
</suite>
</statistics>
<errors>
</errors>
</robot>
